#
# A fatal error has been detected by the Java Runtime Environment:
#
#  EXCEPTION_ACCESS_VIOLATION (0xc0000005) at pc=0x0000404034302440, pid=3492, tid=8144
#
# JRE version: OpenJDK Runtime Environment Temurin-17.0.7+7 (17.0.7+7) (build 17.0.7+7)
# Java VM: OpenJDK 64-Bit Server VM Temurin-17.0.7+7 (17.0.7+7, mixed mode, tiered, compressed oops, compressed class ptrs, parallel gc, windows-amd64)
# Problematic frame:
# V  [jvm.dll+0x6aa5a9]
#
# No core dump will be written. Minidumps are not enabled by default on client versions of Windows
#
# If you would like to submit a bug report, please visit:
#   https://github.com/adoptium/adoptium-support/issues
#

---------------  S U M M A R Y ------------

Command Line: --add-modules=ALL-SYSTEM --add-opens=java.base/java.util=ALL-UNNAMED --add-opens=java.base/java.lang=ALL-UNNAMED --add-opens=java.base/sun.nio.fs=ALL-UNNAMED -Declipse.application=org.eclipse.jdt.ls.core.id1 -Dosgi.bundles.defaultStartLevel=4 -Declipse.product=org.eclipse.jdt.ls.core.product -Djava.import.generatesMetadataFilesAtProjectRoot=false -Dfile.encoding=utf8 -XX:+UseParallelGC -XX:GCTimeRatio=4 -XX:AdaptiveSizePolicyWeight=90 -Dsun.zip.disableMemoryMapping=true -Xmx1G -Xms100m -Xlog:disable -javaagent:c:\Users\vitor\.vscode\extensions\redhat.java-1.18.0-win32-x64\lombok\lombok-1.18.27.jar -XX:+HeapDumpOnOutOfMemoryError -XX:HeapDumpPath=c:\Users\vitor\AppData\Roaming\Code\User\workspaceStorage\98b1a4e7b41f044fc696728ba5fc0588\redhat.java -Daether.dependencyCollector.impl=bf c:\Users\vitor\.vscode\extensions\redhat.java-1.18.0-win32-x64\server\plugins\org.eclipse.equinox.launcher_1.6.400.v20210924-0641.jar -configuration c:\Users\vitor\AppData\Roaming\Code\User\globalStorage\redhat.java\1.18.0\config_win -data c:\Users\vitor\AppData\Roaming\Code\User\workspaceStorage\98b1a4e7b41f044fc696728ba5fc0588\redhat.java\jdt_ws

Host: AMD Ryzen 5 2400G with Radeon Vega Graphics    , 8 cores, 13G,  Windows 10 , 64 bit Build 19041 (10.0.19041.2788)
Time: Sat Apr 29 23:36:44 2023 Hora oficial do Brasil elapsed time: 24414.806173 seconds (0d 6h 46m 54s)

---------------  T H R E A D  ---------------

Current thread (0x0000016594ed5590):  GCTaskThread "GC Thread#6" [stack: 0x0000002fbb100000,0x0000002fbb200000] [id=8144]

Stack: [0x0000002fbb100000,0x0000002fbb200000],  sp=0x0000002fbb1ff690,  free space=1021k
Native frames: (J=compiled Java code, j=interpreted, Vv=VM code, C=native code)
C  0x0000404034302440


siginfo: EXCEPTION_ACCESS_VIOLATION (0xc0000005), data execution prevention violation at address 0x0000404034302440


Register to memory mapping:

RIP=0x0000404034302440 is an unknown value
RAX=0x0000000000007ffa is an unknown value
RBX=0x00000165ff3cfef0 points into unknown readable memory: 0x00000165f8580150 | 50 01 58 f8 65 01 00 00
RCX=0x0000002fbb1ff6f0 points into unknown readable memory: 0x00007ffaf0dff918 | 18 f9 df f0 fa 7f 00 00
RDX=0x00000000c47f67d0 points into unknown readable memory: 0x0000000000000009 | 09 00 00 00 00 00 00 00
RSP=0x0000002fbb1ff688 points into unknown readable memory: 0x00007ffaf0afa5a9 | a9 a5 af f0 fa 7f 00 00
RBP=0x0000002fbb1ff6f9 points into unknown readable memory: e1 65 fa 65 01 00 00
RSI=0x00007ffaf0dff918 jvm.dll
RDI=0x000000000000a4f4 is an unknown value
R8 =0x0000000100041958 is pointing into metadata
R9 =0x0000000000000001 is an unknown value
R10=0x0 is NULL
R11=0x000000000000008f is an unknown value
R12=0x0 is NULL
R13=0x0000002fbb1ff860 points into unknown readable memory: 0x00007ffaf0e00310 | 10 03 e0 f0 fa 7f 00 00
R14=0x00007ffaf0d6aa20 jvm.dll
R15=0x00007ffaf0f64770 jvm.dll


Registers:
RAX=0x0000000000007ffa, RBX=0x00000165ff3cfef0, RCX=0x0000002fbb1ff6f0, RDX=0x00000000c47f67d0
RSP=0x0000002fbb1ff688, RBP=0x0000002fbb1ff6f9, RSI=0x00007ffaf0dff918, RDI=0x000000000000a4f4
R8 =0x0000000100041958, R9 =0x0000000000000001, R10=0x0000000000000000, R11=0x000000000000008f
R12=0x0000000000000000, R13=0x0000002fbb1ff860, R14=0x00007ffaf0d6aa20, R15=0x00007ffaf0f64770
RIP=0x0000404034302440, EFLAGS=0x0000000000010202

Top of Stack: (sp=0x0000002fbb1ff688)
0x0000002fbb1ff688:   00007ffaf0afa5a9 00007ffaf0dff918
0x0000002fbb1ff698:   00000165ff3cfef0 0000002fbb1ff6f9
0x0000002fbb1ff6a8:   000000000000a4f5 0000000000000000
0x0000002fbb1ff6b8:   0000000000000000 0000000000000000
0x0000002fbb1ff6c8:   0000000000000000 0000000000000000
0x0000002fbb1ff6d8:   0000000000000000 00000165957be010
0x0000002fbb1ff6e8:   00007ffaf0c30001 00007ffaf0dff918
0x0000002fbb1ff6f8:   00000165fa65e1a0 0000895700000003
0x0000002fbb1ff708:   00000165ff3cfef0 0000000000000000
0x0000002fbb1ff718:   0000000000000000 00000165957be010
0x0000002fbb1ff728:   0000016593816da8 00000000000003d8
0x0000002fbb1ff738:   000001659504be10 00000165938169c0
0x0000002fbb1ff748:   00000165ff3cfef0 00000165938169d0
0x0000002fbb1ff758:   00007ffaf0aff0f8 00000165ff3cfef0
0x0000002fbb1ff768:   00000165938169d0 00000165938169c0
0x0000002fbb1ff778:   000e0aa400009f5d 00007ffaf0e00108 

Instructions: (pc=0x00007ffaf0afa5a9)
0x00007ffaf0afa4a9:   01 00 00 ff cf 81 e7 ff ff 01 00 89 bb 80 00 00
0x00007ffaf0afa4b9:   00 e8 21 e2 fb ff 48 8b 83 80 01 00 00 8b cf 44
0x00007ffaf0afa4c9:   8b c7 48 8b 14 f8 8b 83 00 01 00 00 2b c8 81 e1
0x00007ffaf0afa4d9:   ff ff 01 00 81 f9 ff ff 01 00 41 0f 44 cc 85 c9
0x00007ffaf0afa4e9:   75 3e 48 8b 83 00 01 00 00 48 8b c8 48 89 45 7f
0x00007ffaf0afa4f9:   48 c1 e9 20 ff c1 89 7d 6f 89 4d 73 3b f8 0f 85
0x00007ffaf0afa509:   a5 00 00 00 48 c1 e1 20 49 0b c8 f0 48 0f b1 8b
0x00007ffaf0afa519:   00 01 00 00 0f 85 8f 00 00 00 8b 83 00 01 00 00
0x00007ffaf0afa529:   44 0f b6 0d 5e 10 4c 00 8b 0d c1 4d 45 00 4c 8b
0x00007ffaf0afa539:   15 b2 4d 45 00 45 84 c9 74 0f 44 8b 42 08 41 8b
0x00007ffaf0afa549:   c0 48 d3 e0 49 03 c2 eb 07 48 8b 42 08 44 8b c0
0x00007ffaf0afa559:   81 78 08 00 00 00 c0 7d 10 45 33 c0 48 8b cb e8
0x00007ffaf0afa569:   d3 fb ff ff e9 1e ff ff ff 48 8b 05 07 ad 4d 00
0x00007ffaf0afa579:   48 89 45 ff c7 45 07 03 00 00 00 48 89 75 f7 48
0x00007ffaf0afa589:   89 5d 0f 45 84 c9 74 08 49 d3 e0 4d 03 c2 eb 04
0x00007ffaf0afa599:   4c 8b 42 08 49 63 40 0c 48 8d 4d f7 41 ff 14 c7
0x00007ffaf0afa5a9:   4c 89 75 f7 e9 de fe ff ff 48 8b 45 6f 48 89 83
0x00007ffaf0afa5b9:   00 01 00 00 8b 83 00 01 00 00 4c 89 65 c7 44 89
0x00007ffaf0afa5c9:   65 cf 4c 39 a3 80 05 00 00 0f 85 ae 00 00 00 8b
0x00007ffaf0afa5d9:   bb 48 03 00 00 8b cf 8b 83 c8 03 00 00 2b c8 81
0x00007ffaf0afa5e9:   e1 ff 1f 00 00 0f 86 ce 00 00 00 ff cf 81 e7 ff
0x00007ffaf0afa5f9:   1f 00 00 89 bb 48 03 00 00 e8 d9 e0 fb ff 48 8b
0x00007ffaf0afa609:   83 48 04 00 00 8b cf 48 03 c9 8b d7 0f 10 04 c8
0x00007ffaf0afa619:   8b 83 c8 03 00 00 8b cf 2b c8 81 e1 ff 1f 00 00
0x00007ffaf0afa629:   0f 29 45 c7 81 f9 ff 1f 00 00 41 0f 44 cc 85 c9
0x00007ffaf0afa639:   75 77 48 8b 83 c8 03 00 00 48 8b c8 48 89 45 b7
0x00007ffaf0afa649:   48 c1 e9 20 ff c1 89 7d 77 89 4d 7b 3b f8 75 1a
0x00007ffaf0afa659:   48 c1 e1 20 48 0b ca f0 48 0f b1 8b c8 03 00 00
0x00007ffaf0afa669:   75 08 8b 83 c8 03 00 00 eb 3f 48 8b 45 77 48 89
0x00007ffaf0afa679:   83 c8 03 00 00 8b 83 c8 03 00 00 eb 3c 48 8d 8b
0x00007ffaf0afa689:   48 05 00 00 48 ff 49 20 4c 8b 41 20 48 8b 41 38
0x00007ffaf0afa699:   49 8b d0 48 03 d2 0f 10 34 d0 4d 85 c0 75 05 e8 


Stack slot to memory mapping:
stack at sp + 0 slots: 0x00007ffaf0dff918 jvm.dll
stack at sp + 1 slots: 0x00000165ff3cfef0 points into unknown readable memory: 0x00000165f8580150 | 50 01 58 f8 65 01 00 00
stack at sp + 2 slots: 0x0000002fbb1ff6f9 points into unknown readable memory: e1 65 fa 65 01 00 00
stack at sp + 3 slots: 0x000000000000a4f5 is an unknown value
stack at sp + 4 slots: 0x0 is NULL
stack at sp + 5 slots: 0x0 is NULL
stack at sp + 6 slots: 0x0 is NULL
stack at sp + 7 slots: 0x0 is NULL


---------------  P R O C E S S  ---------------

Threads class SMR info:
_java_thread_list=0x0000016593a52da0, length=35, elements={
0x00000165fa652190, 0x00000165ff377a60, 0x0000016593796620, 0x00000165ff4de1a0,
0x00000165937b0160, 0x00000165937b3590, 0x00000165937b64a0, 0x00000165937b9ff0,
0x00000165937d0870, 0x00000165937d2160, 0x00000165938afd20, 0x00000165939f6c60,
0x0000016595032710, 0x0000016595173100, 0x00000165950f34d0, 0x00000165957be010,
0x0000016595335160, 0x000001659585b950, 0x000001659585e970, 0x000001659585c7c0,
0x000001659585e4a0, 0x0000016594f77560, 0x0000016598c71620, 0x000001659585cc90,
0x0000016594f74540, 0x0000016594b9ce20, 0x0000016598c77660, 0x0000016598c77190,
0x0000016598c784d0, 0x0000016598c71150, 0x0000016594ba1ff0, 0x0000016594ba07e0,
0x0000016594b9dc90, 0x0000016594b9e630, 0x0000016594b9fe40
}

Java Threads: ( => current thread )
  0x00000165fa652190 JavaThread "main" [_thread_blocked, id=6004, stack(0x0000002fb9b00000,0x0000002fb9c00000)]
  0x00000165ff377a60 JavaThread "Reference Handler" daemon [_thread_blocked, id=4300, stack(0x0000002fb9e00000,0x0000002fb9f00000)]
  0x0000016593796620 JavaThread "Finalizer" daemon [_thread_blocked, id=9760, stack(0x0000002fb9f00000,0x0000002fba000000)]
  0x00000165ff4de1a0 JavaThread "Signal Dispatcher" daemon [_thread_blocked, id=4664, stack(0x0000002fba000000,0x0000002fba100000)]
  0x00000165937b0160 JavaThread "Attach Listener" daemon [_thread_blocked, id=1768, stack(0x0000002fba100000,0x0000002fba200000)]
  0x00000165937b3590 JavaThread "Service Thread" daemon [_thread_blocked, id=11740, stack(0x0000002fba200000,0x0000002fba300000)]
  0x00000165937b64a0 JavaThread "Monitor Deflation Thread" daemon [_thread_blocked, id=11656, stack(0x0000002fba300000,0x0000002fba400000)]
  0x00000165937b9ff0 JavaThread "C2 CompilerThread0" daemon [_thread_blocked, id=11684, stack(0x0000002fba400000,0x0000002fba500000)]
  0x00000165937d0870 JavaThread "C1 CompilerThread0" daemon [_thread_blocked, id=10108, stack(0x0000002fba500000,0x0000002fba600000)]
  0x00000165937d2160 JavaThread "Sweeper thread" daemon [_thread_blocked, id=1464, stack(0x0000002fba600000,0x0000002fba700000)]
  0x00000165938afd20 JavaThread "Common-Cleaner" daemon [_thread_blocked, id=9612, stack(0x0000002fba700000,0x0000002fba800000)]
  0x00000165939f6c60 JavaThread "Notification Thread" daemon [_thread_blocked, id=11244, stack(0x0000002fba800000,0x0000002fba900000)]
  0x0000016595032710 JavaThread "Active Thread: Equinox Container: 1bdef039-288a-44b7-a9bf-1461a3f48c19" [_thread_blocked, id=8364, stack(0x0000002fbb200000,0x0000002fbb300000)]
  0x0000016595173100 JavaThread "Framework Event Dispatcher: Equinox Container: 1bdef039-288a-44b7-a9bf-1461a3f48c19" daemon [_thread_blocked, id=4700, stack(0x0000002fbb300000,0x0000002fbb400000)]
  0x00000165950f34d0 JavaThread "Start Level: Equinox Container: 1bdef039-288a-44b7-a9bf-1461a3f48c19" daemon [_thread_blocked, id=10540, stack(0x0000002fbb400000,0x0000002fbb500000)]
  0x00000165957be010 JavaThread "SCR Component Actor" daemon [_thread_blocked, id=11764, stack(0x0000002fbb500000,0x0000002fbb600000)]
  0x0000016595335160 JavaThread "Worker-JM" [_thread_blocked, id=10848, stack(0x0000002fbab00000,0x0000002fbac00000)]
  0x000001659585b950 JavaThread "Java indexing" daemon [_thread_blocked, id=10980, stack(0x0000002fbba00000,0x0000002fbbb00000)]
  0x000001659585e970 JavaThread "JNA Cleaner" daemon [_thread_blocked, id=7848, stack(0x0000002fbbb00000,0x0000002fbbc00000)]
  0x000001659585c7c0 JavaThread "pool-2-thread-1" [_thread_blocked, id=7592, stack(0x0000002fbbc00000,0x0000002fbbd00000)]
  0x000001659585e4a0 JavaThread "pool-1-thread-1" [_thread_in_native, id=1520, stack(0x0000002fbc000000,0x0000002fbc100000)]
  0x0000016594f77560 JavaThread "Bundle File Closer" daemon [_thread_blocked, id=11580, stack(0x0000002fbc600000,0x0000002fbc700000)]
  0x0000016598c71620 JavaThread "Java Debug Server" daemon [_thread_in_native, id=2568, stack(0x0000002fbc200000,0x0000002fbc300000)]
  0x000001659585cc90 JavaThread "RxSchedulerPurge-1" daemon [_thread_blocked, id=11700, stack(0x0000002fbc400000,0x0000002fbc500000)]
  0x0000016594f74540 JavaThread "RxCachedWorkerPoolEvictor-1" daemon [_thread_blocked, id=10892, stack(0x0000002fbc500000,0x0000002fbc600000)]
  0x0000016594b9ce20 JavaThread "Worker-16" [_thread_blocked, id=11632, stack(0x0000002fbbd00000,0x0000002fbbe00000)]
  0x0000016598c77660 JavaThread "process reaper (pid 3360)" daemon [_thread_in_native, id=4836, stack(0x0000002fb9540000,0x0000002fb9560000)]
  0x0000016598c77190 JavaThread "pool-3-thread-7" [_thread_in_native, id=9248, stack(0x0000002fbc100000,0x0000002fbc200000)]
  0x0000016598c784d0 JavaThread "RxNewThreadScheduler-15" daemon [_thread_blocked, id=3484, stack(0x0000002fbc300000,0x0000002fbc400000)]
  0x0000016598c71150 JavaThread "Worker-20" [_thread_blocked, id=11360, stack(0x0000002fbbf00000,0x0000002fbc000000)]
  0x0000016594ba1ff0 JavaThread "ForkJoinPool.commonPool-worker-57" daemon [_thread_blocked, id=5776, stack(0x0000002fb9800000,0x0000002fb9900000)]
  0x0000016594ba07e0 JavaThread "ForkJoinPool.commonPool-worker-58" daemon [_thread_blocked, id=8188, stack(0x0000002fb9900000,0x0000002fb9a00000)]
  0x0000016594b9dc90 JavaThread "ForkJoinPool.commonPool-worker-59" daemon [_thread_blocked, id=2304, stack(0x0000002fb9a00000,0x0000002fb9b00000)]
  0x0000016594b9e630 JavaThread "ForkJoinPool.commonPool-worker-60" daemon [_thread_blocked, id=9764, stack(0x0000002fbaa00000,0x0000002fbab00000)]
  0x0000016594b9fe40 JavaThread "ForkJoinPool.commonPool-worker-61" daemon [_thread_blocked, id=3180, stack(0x0000002fbb700000,0x0000002fbb800000)]

Other Threads:
  0x0000016593791c30 VMThread "VM Thread" [stack: 0x0000002fb9d00000,0x0000002fb9e00000] [id=1432]
  0x0000016593a7b220 WatcherThread [stack: 0x0000002fba900000,0x0000002fbaa00000] [id=4168]
  0x00000165fa667820 GCTaskThread "GC Thread#0" [stack: 0x0000002fb9c00000,0x0000002fb9d00000] [id=5380]
  0x000001659480d5f0 GCTaskThread "GC Thread#1" [stack: 0x0000002fbac00000,0x0000002fbad00000] [id=3512]
  0x000001659480d8a0 GCTaskThread "GC Thread#2" [stack: 0x0000002fbad00000,0x0000002fbae00000] [id=12092]
  0x0000016594ba4e90 GCTaskThread "GC Thread#3" [stack: 0x0000002fbae00000,0x0000002fbaf00000] [id=1736]
  0x0000016594ed5030 GCTaskThread "GC Thread#4" [stack: 0x0000002fbaf00000,0x0000002fbb000000] [id=2584]
  0x0000016594ed52e0 GCTaskThread "GC Thread#5" [stack: 0x0000002fbb000000,0x0000002fbb100000] [id=3892]
=>0x0000016594ed5590 GCTaskThread "GC Thread#6" [stack: 0x0000002fbb100000,0x0000002fbb200000] [id=8144]
  0x00000165950dcba0 GCTaskThread "GC Thread#7" [stack: 0x0000002fbb600000,0x0000002fbb700000] [id=7420]

Threads with active compile tasks:
C2 CompilerThread0  24414841 28704       4       org.eclipse.jdt.internal.core.index.MemoryIndex::addQueryResults (377 bytes)

VM state: at safepoint (normal execution)

VM Mutex/Monitor currently owned by a thread:  ([mutex/lock_event])
[0x00000165fa64dad0] Threads_lock - owner thread: 0x0000016593791c30
[0x00000165fa64ef10] Heap_lock - owner thread: 0x0000016594b9e630

Heap address: 0x00000000c0000000, size: 1024 MB, Compressed Oops mode: 32-bit

CDS archive(s) not mapped
Compressed class space mapped at: 0x0000000100000000-0x0000000140000000, reserved size: 1073741824
Narrow klass base: 0x0000000000000000, Narrow klass shift: 3, Narrow klass range: 0x140000000

GC Precious Log:
 CPUs: 8 total, 8 available
 Memory: 14284M
 Large Page Support: Disabled
 NUMA Support: Disabled
 Compressed Oops: Enabled (32-bit)
 Alignments: Space 512K, Generation 512K, Heap 2M
 Heap Min Capacity: 100M
 Heap Initial Capacity: 100M
 Heap Max Capacity: 1G
 Pre-touch: Disabled
 Parallel Workers: 8

Heap:
 PSYoungGen      total 2048K, used 1024K [0x00000000eab00000, 0x00000000eb000000, 0x0000000100000000)
  eden space 1024K, 0% used [0x00000000eab00000,0x00000000eab00000,0x00000000eac00000)
  from space 1024K, 100% used [0x00000000eac00000,0x00000000ead00000,0x00000000ead00000)
  to   space 2048K, 0% used [0x00000000eae00000,0x00000000eae00000,0x00000000eb000000)
 ParOldGen       total 124416K, used 124393K [0x00000000c0000000, 0x00000000c7980000, 0x00000000eab00000)
  object space 124416K, 99% used [0x00000000c0000000,0x00000000c797a678,0x00000000c7980000)
 Metaspace       used 92207K, committed 93312K, reserved 1179648K
  class space    used 9076K, committed 9600K, reserved 1048576K

Card table byte_map: [0x00000165fa000000,0x00000165fa210000] _byte_map_base: 0x00000165f9a00000

Marking Bits: (ParMarkBitMap*) 0x00007ffaf0fd52c0
 Begin Bits: [0x00000165fd2e0000, 0x00000165fe2e0000)
 End Bits:   [0x00000165fe2e0000, 0x00000165ff2e0000)

Polling page: 0x00000165f8550000

Metaspace:

Usage:
  Non-class:     81.18 MB used.
      Class:      8.86 MB used.
       Both:     90.05 MB used.

Virtual space:
  Non-class space:      128.00 MB reserved,      81.75 MB ( 64%) committed,  2 nodes.
      Class space:        1.00 GB reserved,       9.38 MB ( <1%) committed,  1 nodes.
             Both:        1.12 GB reserved,      91.12 MB (  8%) committed. 

Chunk freelists:
   Non-Class:  14.10 MB
       Class:  6.59 MB
        Both:  20.69 MB

MaxMetaspaceSize: unlimited
CompressedClassSpaceSize: 1.00 GB
Initial GC threshold: 21.00 MB
Current GC threshold: 151.88 MB
CDS: off
MetaspaceReclaimPolicy: balanced
 - commit_granule_bytes: 65536.
 - commit_granule_words: 8192.
 - virtual_space_node_default_size: 8388608.
 - enlarge_chunks_in_place: 1.
 - new_chunks_are_fully_committed: 0.
 - uncommit_free_chunks: 1.
 - use_allocation_guard: 0.
 - handle_deallocations: 1.


Internal statistics:

num_allocs_failed_limit: 6.
num_arena_births: 730.
num_arena_deaths: 164.
num_vsnodes_births: 3.
num_vsnodes_deaths: 0.
num_space_committed: 1458.
num_space_uncommitted: 0.
num_chunks_returned_to_freelist: 212.
num_chunks_taken_from_freelist: 4684.
num_chunk_merges: 67.
num_chunk_splits: 2817.
num_chunks_enlarged: 1561.
num_inconsistent_stats: 0.

CodeHeap 'non-profiled nmethods': size=120000Kb used=27877Kb max_used=28188Kb free=92122Kb
 bounds [0x0000016587ad0000, 0x0000016589670000, 0x000001658f000000]
CodeHeap 'profiled nmethods': size=120000Kb used=36782Kb max_used=37127Kb free=83217Kb
 bounds [0x0000016580000000, 0x00000165824a0000, 0x0000016587530000]
CodeHeap 'non-nmethods': size=5760Kb used=1437Kb max_used=1518Kb free=4323Kb
 bounds [0x0000016587530000, 0x00000165877a0000, 0x0000016587ad0000]
 total_blobs=19346 nmethods=18564 adapters=690
 compilation: enabled
              stopped_count=0, restarted_count=0
 full_count=0

Compilation events (20 events):
Event: 21998.190 Thread 0x00000165937d0870 nmethod 28694 0x0000016580582810 code [0x00000165805829a0, 0x0000016580582b38]
Event: 22002.631 Thread 0x00000165937b9ff0 28695   !   4       jdk.proxy4.$Proxy12::sendProgressReport (34 bytes)
Event: 22002.633 Thread 0x00000165937b9ff0 nmethod 28695 0x00000165889cca10 code [0x00000165889ccbc0, 0x00000165889ccda8]
Event: 22003.074 Thread 0x00000165937b9ff0 28696       4       org.eclipse.jdt.internal.compiler.ast.ThisReference::resolveType (92 bytes)
Event: 22003.086 Thread 0x00000165937b9ff0 nmethod 28696 0x0000016589030190 code [0x00000165890303c0, 0x0000016589030f90]
Event: 22004.241 Thread 0x00000165937b9ff0 28697       4       org.eclipse.jdt.internal.compiler.util.ObjectVector::<init> (8 bytes)
Event: 22004.243 Thread 0x00000165937b9ff0 nmethod 28697 0x00000165889cc590 code [0x00000165889cc720, 0x00000165889cc8f8]
Event: 24133.126 Thread 0x00000165937b9ff0 28698       4       java.lang.Thread::interrupted (23 bytes)
Event: 24133.127 Thread 0x00000165937b9ff0 nmethod 28698 0x00000165889cc290 code [0x00000165889cc420, 0x00000165889cc4c8]
Event: 24409.205 Thread 0x00000165937b9ff0 28699   !   4       org.eclipse.jdt.ls.core.internal.handlers.InlayHintVisitor::resolveInlayHints (261 bytes)
Event: 24409.348 Thread 0x00000165937b9ff0 nmethod 28699 0x0000016588a92e10 code [0x0000016588a93400, 0x0000016588a9a708]
Event: 24412.338 Thread 0x00000165937d0870 28700       3       org.eclipse.jdt.internal.core.CompilationUnit::codeComplete (11 bytes)
Event: 24412.338 Thread 0x00000165937d0870 nmethod 28700 0x00000165801db790 code [0x00000165801db940, 0x00000165801dbb08]
Event: 24412.341 Thread 0x00000165937d0870 28701       3       org.eclipse.jdt.internal.compiler.parser.RecoveredLocalVariable::updateSourceEndIfNecessary (27 bytes)
Event: 24412.341 Thread 0x00000165937d0870 nmethod 28701 0x00000165811f7610 code [0x00000165811f77a0, 0x00000165811f78f8]
Event: 24413.427 Thread 0x00000165937b9ff0 28702       4       org.eclipse.jdt.internal.corext.dom.GenericVisitor::visit (6 bytes)
Event: 24413.427 Thread 0x00000165937b9ff0 nmethod 28702 0x0000016588f1af90 code [0x0000016588f1b100, 0x0000016588f1b198]
Event: 24413.620 Thread 0x00000165937b9ff0 28703       4       org.eclipse.jdt.internal.compiler.lookup.ModuleBinding::recordOpensRestrictions (98 bytes)
Event: 24413.646 Thread 0x00000165937b9ff0 nmethod 28703 0x00000165893c9510 code [0x00000165893c9760, 0x00000165893ca8f0]
Event: 24414.786 Thread 0x00000165937b9ff0 28704       4       org.eclipse.jdt.internal.core.index.MemoryIndex::addQueryResults (377 bytes)

GC Heap History (20 events):
Event: 24413.623 GC heap after
{Heap after GC invocations=18948 (full 448):
 PSYoungGen      total 1536K, used 496K [0x00000000eab00000, 0x00000000eae00000, 0x0000000100000000)
  eden space 1024K, 0% used [0x00000000eab00000,0x00000000eab00000,0x00000000eac00000)
  from space 512K, 96% used [0x00000000ead00000,0x00000000ead7c010,0x00000000ead80000)
  to   space 1024K, 0% used [0x00000000eac00000,0x00000000eac00000,0x00000000ead00000)
 ParOldGen       total 124416K, used 121384K [0x00000000c0000000, 0x00000000c7980000, 0x00000000eab00000)
  object space 124416K, 97% used [0x00000000c0000000,0x00000000c768a118,0x00000000c7980000)
 Metaspace       used 92206K, committed 93312K, reserved 1179648K
  class space    used 9076K, committed 9600K, reserved 1048576K
}
Event: 24413.626 GC heap before
{Heap before GC invocations=18949 (full 448):
 PSYoungGen      total 1536K, used 1520K [0x00000000eab00000, 0x00000000eae00000, 0x0000000100000000)
  eden space 1024K, 100% used [0x00000000eab00000,0x00000000eac00000,0x00000000eac00000)
  from space 512K, 96% used [0x00000000ead00000,0x00000000ead7c010,0x00000000ead80000)
  to   space 1024K, 0% used [0x00000000eac00000,0x00000000eac00000,0x00000000ead00000)
 ParOldGen       total 124416K, used 121384K [0x00000000c0000000, 0x00000000c7980000, 0x00000000eab00000)
  object space 124416K, 97% used [0x00000000c0000000,0x00000000c768a118,0x00000000c7980000)
 Metaspace       used 92206K, committed 93312K, reserved 1179648K
  class space    used 9076K, committed 9600K, reserved 1048576K
}
Event: 24413.627 GC heap after
{Heap after GC invocations=18949 (full 448):
 PSYoungGen      total 2048K, used 480K [0x00000000eab00000, 0x00000000ead80000, 0x0000000100000000)
  eden space 1024K, 0% used [0x00000000eab00000,0x00000000eab00000,0x00000000eac00000)
  from space 1024K, 46% used [0x00000000eac00000,0x00000000eac78000,0x00000000ead00000)
  to   space 512K, 0% used [0x00000000ead00000,0x00000000ead00000,0x00000000ead80000)
 ParOldGen       total 124416K, used 121771K [0x00000000c0000000, 0x00000000c7980000, 0x00000000eab00000)
  object space 124416K, 97% used [0x00000000c0000000,0x00000000c76ead08,0x00000000c7980000)
 Metaspace       used 92206K, committed 93312K, reserved 1179648K
  class space    used 9076K, committed 9600K, reserved 1048576K
}
Event: 24413.630 GC heap before
{Heap before GC invocations=18950 (full 448):
 PSYoungGen      total 2048K, used 1504K [0x00000000eab00000, 0x00000000ead80000, 0x0000000100000000)
  eden space 1024K, 100% used [0x00000000eab00000,0x00000000eac00000,0x00000000eac00000)
  from space 1024K, 46% used [0x00000000eac00000,0x00000000eac78000,0x00000000ead00000)
  to   space 512K, 0% used [0x00000000ead00000,0x00000000ead00000,0x00000000ead80000)
 ParOldGen       total 124416K, used 121771K [0x00000000c0000000, 0x00000000c7980000, 0x00000000eab00000)
  object space 124416K, 97% used [0x00000000c0000000,0x00000000c76ead08,0x00000000c7980000)
 Metaspace       used 92206K, committed 93312K, reserved 1179648K
  class space    used 9076K, committed 9600K, reserved 1048576K
}
Event: 24413.631 GC heap after
{Heap after GC invocations=18950 (full 448):
 PSYoungGen      total 1536K, used 496K [0x00000000eab00000, 0x00000000ead80000, 0x0000000100000000)
  eden space 1024K, 0% used [0x00000000eab00000,0x00000000eab00000,0x00000000eac00000)
  from space 512K, 96% used [0x00000000ead00000,0x00000000ead7c010,0x00000000ead80000)
  to   space 512K, 0% used [0x00000000eac80000,0x00000000eac80000,0x00000000ead00000)
 ParOldGen       total 124416K, used 122168K [0x00000000c0000000, 0x00000000c7980000, 0x00000000eab00000)
  object space 124416K, 98% used [0x00000000c0000000,0x00000000c774e1a8,0x00000000c7980000)
 Metaspace       used 92206K, committed 93312K, reserved 1179648K
  class space    used 9076K, committed 9600K, reserved 1048576K
}
Event: 24413.634 GC heap before
{Heap before GC invocations=18951 (full 448):
 PSYoungGen      total 1536K, used 1516K [0x00000000eab00000, 0x00000000ead80000, 0x0000000100000000)
  eden space 1024K, 99% used [0x00000000eab00000,0x00000000eabff078,0x00000000eac00000)
  from space 512K, 96% used [0x00000000ead00000,0x00000000ead7c010,0x00000000ead80000)
  to   space 512K, 0% used [0x00000000eac80000,0x00000000eac80000,0x00000000ead00000)
 ParOldGen       total 124416K, used 122168K [0x00000000c0000000, 0x00000000c7980000, 0x00000000eab00000)
  object space 124416K, 98% used [0x00000000c0000000,0x00000000c774e1a8,0x00000000c7980000)
 Metaspace       used 92206K, committed 93312K, reserved 1179648K
  class space    used 9076K, committed 9600K, reserved 1048576K
}
Event: 24413.635 GC heap after
{Heap after GC invocations=18951 (full 448):
 PSYoungGen      total 1536K, used 256K [0x00000000eab00000, 0x00000000ead80000, 0x0000000100000000)
  eden space 1024K, 0% used [0x00000000eab00000,0x00000000eab00000,0x00000000eac00000)
  from space 512K, 50% used [0x00000000eac80000,0x00000000eacc0000,0x00000000ead00000)
  to   space 512K, 0% used [0x00000000ead00000,0x00000000ead00000,0x00000000ead80000)
 ParOldGen       total 124416K, used 122541K [0x00000000c0000000, 0x00000000c7980000, 0x00000000eab00000)
  object space 124416K, 98% used [0x00000000c0000000,0x00000000c77ab648,0x00000000c7980000)
 Metaspace       used 92206K, committed 93312K, reserved 1179648K
  class space    used 9076K, committed 9600K, reserved 1048576K
}
Event: 24413.847 GC heap before
{Heap before GC invocations=18952 (full 448):
 PSYoungGen      total 1536K, used 1280K [0x00000000eab00000, 0x00000000ead80000, 0x0000000100000000)
  eden space 1024K, 100% used [0x00000000eab00000,0x00000000eac00000,0x00000000eac00000)
  from space 512K, 50% used [0x00000000eac80000,0x00000000eacc0000,0x00000000ead00000)
  to   space 512K, 0% used [0x00000000ead00000,0x00000000ead00000,0x00000000ead80000)
 ParOldGen       total 124416K, used 122541K [0x00000000c0000000, 0x00000000c7980000, 0x00000000eab00000)
  object space 124416K, 98% used [0x00000000c0000000,0x00000000c77ab648,0x00000000c7980000)
 Metaspace       used 92206K, committed 93312K, reserved 1179648K
  class space    used 9076K, committed 9600K, reserved 1048576K
}
Event: 24413.848 GC heap after
{Heap after GC invocations=18952 (full 448):
 PSYoungGen      total 1536K, used 448K [0x00000000eab00000, 0x00000000ead80000, 0x0000000100000000)
  eden space 1024K, 0% used [0x00000000eab00000,0x00000000eab00000,0x00000000eac00000)
  from space 512K, 87% used [0x00000000ead00000,0x00000000ead70000,0x00000000ead80000)
  to   space 512K, 0% used [0x00000000eac80000,0x00000000eac80000,0x00000000ead00000)
 ParOldGen       total 124416K, used 122661K [0x00000000c0000000, 0x00000000c7980000, 0x00000000eab00000)
  object space 124416K, 98% used [0x00000000c0000000,0x00000000c77c9648,0x00000000c7980000)
 Metaspace       used 92206K, committed 93312K, reserved 1179648K
  class space    used 9076K, committed 9600K, reserved 1048576K
}
Event: 24413.854 GC heap before
{Heap before GC invocations=18953 (full 448):
 PSYoungGen      total 1536K, used 1472K [0x00000000eab00000, 0x00000000ead80000, 0x0000000100000000)
  eden space 1024K, 100% used [0x00000000eab00000,0x00000000eac00000,0x00000000eac00000)
  from space 512K, 87% used [0x00000000ead00000,0x00000000ead70000,0x00000000ead80000)
  to   space 512K, 0% used [0x00000000eac80000,0x00000000eac80000,0x00000000ead00000)
 ParOldGen       total 124416K, used 122661K [0x00000000c0000000, 0x00000000c7980000, 0x00000000eab00000)
  object space 124416K, 98% used [0x00000000c0000000,0x00000000c77c9648,0x00000000c7980000)
 Metaspace       used 92206K, committed 93312K, reserved 1179648K
  class space    used 9076K, committed 9600K, reserved 1048576K
}
Event: 24413.855 GC heap after
{Heap after GC invocations=18953 (full 448):
 PSYoungGen      total 1536K, used 512K [0x00000000eab00000, 0x00000000eae00000, 0x0000000100000000)
  eden space 1024K, 0% used [0x00000000eab00000,0x00000000eab00000,0x00000000eac00000)
  from space 512K, 100% used [0x00000000eac80000,0x00000000ead00000,0x00000000ead00000)
  to   space 1024K, 0% used [0x00000000ead00000,0x00000000ead00000,0x00000000eae00000)
 ParOldGen       total 124416K, used 122990K [0x00000000c0000000, 0x00000000c7980000, 0x00000000eab00000)
  object space 124416K, 98% used [0x00000000c0000000,0x00000000c781b948,0x00000000c7980000)
 Metaspace       used 92206K, committed 93312K, reserved 1179648K
  class space    used 9076K, committed 9600K, reserved 1048576K
}
Event: 24413.865 GC heap before
{Heap before GC invocations=18954 (full 448):
 PSYoungGen      total 1536K, used 1536K [0x00000000eab00000, 0x00000000eae00000, 0x0000000100000000)
  eden space 1024K, 100% used [0x00000000eab00000,0x00000000eac00000,0x00000000eac00000)
  from space 512K, 100% used [0x00000000eac80000,0x00000000ead00000,0x00000000ead00000)
  to   space 1024K, 0% used [0x00000000ead00000,0x00000000ead00000,0x00000000eae00000)
 ParOldGen       total 124416K, used 122990K [0x00000000c0000000, 0x00000000c7980000, 0x00000000eab00000)
  object space 124416K, 98% used [0x00000000c0000000,0x00000000c781b948,0x00000000c7980000)
 Metaspace       used 92206K, committed 93312K, reserved 1179648K
  class space    used 9076K, committed 9600K, reserved 1048576K
}
Event: 24413.866 GC heap after
{Heap after GC invocations=18954 (full 448):
 PSYoungGen      total 1536K, used 352K [0x00000000eab00000, 0x00000000ead80000, 0x0000000100000000)
  eden space 1024K, 0% used [0x00000000eab00000,0x00000000eab00000,0x00000000eac00000)
  from space 512K, 68% used [0x00000000ead00000,0x00000000ead58000,0x00000000ead80000)
  to   space 512K, 0% used [0x00000000eac80000,0x00000000eac80000,0x00000000ead00000)
 ParOldGen       total 124416K, used 123352K [0x00000000c0000000, 0x00000000c7980000, 0x00000000eab00000)
  object space 124416K, 99% used [0x00000000c0000000,0x00000000c7876040,0x00000000c7980000)
 Metaspace       used 92206K, committed 93312K, reserved 1179648K
  class space    used 9076K, committed 9600K, reserved 1048576K
}
Event: 24414.782 GC heap before
{Heap before GC invocations=18955 (full 448):
 PSYoungGen      total 1536K, used 1376K [0x00000000eab00000, 0x00000000ead80000, 0x0000000100000000)
  eden space 1024K, 100% used [0x00000000eab00000,0x00000000eac00000,0x00000000eac00000)
  from space 512K, 68% used [0x00000000ead00000,0x00000000ead58000,0x00000000ead80000)
  to   space 512K, 0% used [0x00000000eac80000,0x00000000eac80000,0x00000000ead00000)
 ParOldGen       total 124416K, used 123352K [0x00000000c0000000, 0x00000000c7980000, 0x00000000eab00000)
  object space 124416K, 99% used [0x00000000c0000000,0x00000000c7876040,0x00000000c7980000)
 Metaspace       used 92206K, committed 93312K, reserved 1179648K
  class space    used 9076K, committed 9600K, reserved 1048576K
}
Event: 24414.782 GC heap after
{Heap after GC invocations=18955 (full 448):
 PSYoungGen      total 1536K, used 256K [0x00000000eab00000, 0x00000000ead80000, 0x0000000100000000)
  eden space 1024K, 0% used [0x00000000eab00000,0x00000000eab00000,0x00000000eac00000)
  from space 512K, 50% used [0x00000000eac80000,0x00000000eacc0000,0x00000000ead00000)
  to   space 512K, 0% used [0x00000000ead00000,0x00000000ead00000,0x00000000ead80000)
 ParOldGen       total 124416K, used 123596K [0x00000000c0000000, 0x00000000c7980000, 0x00000000eab00000)
  object space 124416K, 99% used [0x00000000c0000000,0x00000000c78b3268,0x00000000c7980000)
 Metaspace       used 92206K, committed 93312K, reserved 1179648K
  class space    used 9076K, committed 9600K, reserved 1048576K
}
Event: 24414.786 GC heap before
{Heap before GC invocations=18956 (full 448):
 PSYoungGen      total 1536K, used 1280K [0x00000000eab00000, 0x00000000ead80000, 0x0000000100000000)
  eden space 1024K, 100% used [0x00000000eab00000,0x00000000eac00000,0x00000000eac00000)
  from space 512K, 50% used [0x00000000eac80000,0x00000000eacc0000,0x00000000ead00000)
  to   space 512K, 0% used [0x00000000ead00000,0x00000000ead00000,0x00000000ead80000)
 ParOldGen       total 124416K, used 123596K [0x00000000c0000000, 0x00000000c7980000, 0x00000000eab00000)
  object space 124416K, 99% used [0x00000000c0000000,0x00000000c78b3268,0x00000000c7980000)
 Metaspace       used 92207K, committed 93312K, reserved 1179648K
  class space    used 9076K, committed 9600K, reserved 1048576K
}
Event: 24414.787 GC heap after
{Heap after GC invocations=18956 (full 448):
 PSYoungGen      total 1536K, used 481K [0x00000000eab00000, 0x00000000eae00000, 0x0000000100000000)
  eden space 1024K, 0% used [0x00000000eab00000,0x00000000eab00000,0x00000000eac00000)
  from space 512K, 93% used [0x00000000ead00000,0x00000000ead78448,0x00000000ead80000)
  to   space 1024K, 0% used [0x00000000eac00000,0x00000000eac00000,0x00000000ead00000)
 ParOldGen       total 124416K, used 123934K [0x00000000c0000000, 0x00000000c7980000, 0x00000000eab00000)
  object space 124416K, 99% used [0x00000000c0000000,0x00000000c7907990,0x00000000c7980000)
 Metaspace       used 92207K, committed 93312K, reserved 1179648K
  class space    used 9076K, committed 9600K, reserved 1048576K
}
Event: 24414.790 GC heap before
{Heap before GC invocations=18957 (full 448):
 PSYoungGen      total 1536K, used 1505K [0x00000000eab00000, 0x00000000eae00000, 0x0000000100000000)
  eden space 1024K, 100% used [0x00000000eab00000,0x00000000eac00000,0x00000000eac00000)
  from space 512K, 93% used [0x00000000ead00000,0x00000000ead78448,0x00000000ead80000)
  to   space 1024K, 0% used [0x00000000eac00000,0x00000000eac00000,0x00000000ead00000)
 ParOldGen       total 124416K, used 123934K [0x00000000c0000000, 0x00000000c7980000, 0x00000000eab00000)
  object space 124416K, 99% used [0x00000000c0000000,0x00000000c7907990,0x00000000c7980000)
 Metaspace       used 92207K, committed 93312K, reserved 1179648K
  class space    used 9076K, committed 9600K, reserved 1048576K
}
Event: 24414.791 GC heap after
{Heap after GC invocations=18957 (full 448):
 PSYoungGen      total 2048K, used 1024K [0x00000000eab00000, 0x00000000eb000000, 0x0000000100000000)
  eden space 1024K, 0% used [0x00000000eab00000,0x00000000eab00000,0x00000000eac00000)
  from space 1024K, 100% used [0x00000000eac00000,0x00000000ead00000,0x00000000ead00000)
  to   space 2048K, 0% used [0x00000000eae00000,0x00000000eae00000,0x00000000eb000000)
 ParOldGen       total 124416K, used 124393K [0x00000000c0000000, 0x00000000c7980000, 0x00000000eab00000)
  object space 124416K, 99% used [0x00000000c0000000,0x00000000c797a678,0x00000000c7980000)
 Metaspace       used 92207K, committed 93312K, reserved 1179648K
  class space    used 9076K, committed 9600K, reserved 1048576K
}
Event: 24414.791 GC heap before
{Heap before GC invocations=18958 (full 449):
 PSYoungGen      total 2048K, used 1024K [0x00000000eab00000, 0x00000000eb000000, 0x0000000100000000)
  eden space 1024K, 0% used [0x00000000eab00000,0x00000000eab00000,0x00000000eac00000)
  from space 1024K, 100% used [0x00000000eac00000,0x00000000ead00000,0x00000000ead00000)
  to   space 2048K, 0% used [0x00000000eae00000,0x00000000eae00000,0x00000000eb000000)
 ParOldGen       total 124416K, used 124393K [0x00000000c0000000, 0x00000000c7980000, 0x00000000eab00000)
  object space 124416K, 99% used [0x00000000c0000000,0x00000000c797a678,0x00000000c7980000)
 Metaspace       used 92207K, committed 93312K, reserved 1179648K
  class space    used 9076K, committed 9600K, reserved 1048576K
}

Dll operation events (11 events):
Event: 0.011 Loaded shared library c:\Users\vitor\.vscode\extensions\redhat.java-1.18.0-win32-x64\jre\17.0.7-win32-x86_64\bin\java.dll
Event: 0.190 Loaded shared library c:\Users\vitor\.vscode\extensions\redhat.java-1.18.0-win32-x64\jre\17.0.7-win32-x86_64\bin\zip.dll
Event: 0.195 Loaded shared library C:\Users\vitor\.vscode\extensions\redhat.java-1.18.0-win32-x64\jre\17.0.7-win32-x86_64\bin\instrument.dll
Event: 0.213 Loaded shared library C:\Users\vitor\.vscode\extensions\redhat.java-1.18.0-win32-x64\jre\17.0.7-win32-x86_64\bin\net.dll
Event: 0.216 Loaded shared library C:\Users\vitor\.vscode\extensions\redhat.java-1.18.0-win32-x64\jre\17.0.7-win32-x86_64\bin\nio.dll
Event: 0.226 Loaded shared library C:\Users\vitor\.vscode\extensions\redhat.java-1.18.0-win32-x64\jre\17.0.7-win32-x86_64\bin\zip.dll
Event: 0.244 Loaded shared library C:\Users\vitor\.vscode\extensions\redhat.java-1.18.0-win32-x64\jre\17.0.7-win32-x86_64\bin\jimage.dll
Event: 0.317 Loaded shared library c:\Users\vitor\.vscode\extensions\redhat.java-1.18.0-win32-x64\jre\17.0.7-win32-x86_64\bin\verify.dll
Event: 1.567 Loaded shared library C:\Users\vitor\AppData\Roaming\Code\User\globalStorage\redhat.java\1.18.0\config_win\org.eclipse.equinox.launcher\org.eclipse.equinox.launcher.win32.win32.x86_64_1.2.700.v20221108-1024\eclipse_11801.dll
Event: 3.350 Loaded shared library C:\Users\vitor\AppData\Local\Temp\jna-112218564\jna8727786716622293562.dll
Event: 20590.081 Loaded shared library C:\Users\vitor\.vscode\extensions\redhat.java-1.18.0-win32-x64\jre\17.0.7-win32-x86_64\bin\sunmscapi.dll

Deoptimization events (20 events):
Event: 21945.806 Thread 0x0000016598c75e50 Uncommon trap: trap_request=0xffffff45 fr.pc=0x000001658960f19c relative=0x000000000000415c
Event: 21945.806 Thread 0x0000016598c75e50 Uncommon trap: reason=unstable_if action=reinterpret pc=0x000001658960f19c method=org.eclipse.jdt.core.dom.ASTConverter.convert(Lorg/eclipse/jdt/internal/compiler/ast/AllocationExpression;)Lorg/eclipse/jdt/core/dom/ClassInstanceCreation; @ 16 c2
Event: 21945.806 Thread 0x0000016598c75e50 DEOPT PACKING pc=0x000001658960f19c sp=0x0000002fbb9fd290
Event: 21945.806 Thread 0x0000016598c75e50 DEOPT UNPACKING pc=0x00000165875866a3 sp=0x0000002fbb9fd258 mode 2
Event: 21983.138 Thread 0x0000016598c74640 Uncommon trap: trap_request=0xffffffbe fr.pc=0x0000016589540aec relative=0x0000000000001bac
Event: 21983.138 Thread 0x0000016598c74640 Uncommon trap: reason=profile_predicate action=maybe_recompile pc=0x0000016589540aec method=org.eclipse.jdt.internal.compiler.parser.Parser.consumeNonTypeUseName()V @ 82 c2
Event: 21983.138 Thread 0x0000016598c74640 DEOPT PACKING pc=0x0000016589540aec sp=0x0000002fb9afe820
Event: 21983.138 Thread 0x0000016598c74640 DEOPT UNPACKING pc=0x00000165875866a3 sp=0x0000002fb9afe778 mode 2
Event: 21983.138 Thread 0x0000016598c74640 Uncommon trap: trap_request=0xffffffde fr.pc=0x0000016589309fdc relative=0x00000000000023fc
Event: 21983.138 Thread 0x0000016598c74640 Uncommon trap: reason=class_check action=maybe_recompile pc=0x0000016589309fdc method=org.eclipse.jdt.internal.codeassist.complete.CompletionParser.attachOrphanCompletionNode()V @ 703 c2
Event: 21983.138 Thread 0x0000016598c74640 DEOPT PACKING pc=0x0000016589309fdc sp=0x0000002fb9afe8f0
Event: 21983.138 Thread 0x0000016598c74640 DEOPT UNPACKING pc=0x00000165875866a3 sp=0x0000002fb9afe880 mode 2
Event: 21983.269 Thread 0x0000016594b9f4a0 Uncommon trap: trap_request=0xffffff45 fr.pc=0x00000165890aff3c relative=0x0000000000000f9c
Event: 21983.269 Thread 0x0000016594b9f4a0 Uncommon trap: reason=unstable_if action=reinterpret pc=0x00000165890aff3c method=org.eclipse.jdt.core.dom.TypeBinding.getName()Ljava/lang/String; @ 7 c2
Event: 21983.269 Thread 0x0000016594b9f4a0 DEOPT PACKING pc=0x00000165890aff3c sp=0x0000002fbaafe340
Event: 21983.269 Thread 0x0000016594b9f4a0 DEOPT UNPACKING pc=0x00000165875866a3 sp=0x0000002fbaafe2d8 mode 2
Event: 24412.341 Thread 0x000001659585e4a0 Uncommon trap: trap_request=0xffffff45 fr.pc=0x0000016588a4c6e8 relative=0x0000000000000348
Event: 24412.341 Thread 0x000001659585e4a0 Uncommon trap: reason=unstable_if action=reinterpret pc=0x0000016588a4c6e8 method=org.eclipse.jdt.core.compiler.CharOperation.camelCaseMatch([CII[CIIZ)Z @ 163 c2
Event: 24412.341 Thread 0x000001659585e4a0 DEOPT PACKING pc=0x0000016588a4c6e8 sp=0x0000002fbc0fe500
Event: 24412.341 Thread 0x000001659585e4a0 DEOPT UNPACKING pc=0x00000165875866a3 sp=0x0000002fbc0fe458 mode 2

Classes unloaded (20 events):
Event: 16755.723 Thread 0x0000016593791c30 Unloading class 0x000000010088c000 'java/lang/invoke/LambdaForm$MH+0x000000010088c000'
Event: 16755.723 Thread 0x0000016593791c30 Unloading class 0x0000000100889c00 'java/lang/invoke/LambdaForm$MH+0x0000000100889c00'
Event: 16755.723 Thread 0x0000016593791c30 Unloading class 0x0000000100889400 'java/lang/invoke/LambdaForm$MH+0x0000000100889400'
Event: 19942.327 Thread 0x0000016593791c30 Unloading class 0x00000001008fc000 'jdk/internal/reflect/GeneratedMethodAccessor47'
Event: 19942.327 Thread 0x0000016593791c30 Unloading class 0x00000001008f3400 'jdk/internal/reflect/GeneratedConstructorAccessor57'
Event: 19942.327 Thread 0x0000016593791c30 Unloading class 0x00000001008f3000 'jdk/internal/reflect/GeneratedSerializationConstructorAccessor9'
Event: 19942.327 Thread 0x0000016593791c30 Unloading class 0x00000001008f2c00 'jdk/internal/reflect/GeneratedSerializationConstructorAccessor8'
Event: 19942.327 Thread 0x0000016593791c30 Unloading class 0x00000001008f2800 'jdk/internal/reflect/GeneratedSerializationConstructorAccessor7'
Event: 19942.327 Thread 0x0000016593791c30 Unloading class 0x0000000100874000 'jdk/internal/reflect/GeneratedConstructorAccessor52'
Event: 19942.327 Thread 0x0000016593791c30 Unloading class 0x0000000100869800 'jdk/internal/reflect/GeneratedConstructorAccessor49'
Event: 19942.327 Thread 0x0000016593791c30 Unloading class 0x0000000100869400 'jdk/internal/reflect/GeneratedConstructorAccessor48'
Event: 19942.327 Thread 0x0000016593791c30 Unloading class 0x0000000100869000 'jdk/internal/reflect/GeneratedConstructorAccessor47'
Event: 19942.327 Thread 0x0000016593791c30 Unloading class 0x0000000100868000 'jdk/internal/reflect/GeneratedConstructorAccessor44'
Event: 21515.144 Thread 0x0000016593791c30 Unloading class 0x00000001008f3400 'jdk/internal/reflect/GeneratedConstructorAccessor66'
Event: 21515.144 Thread 0x0000016593791c30 Unloading class 0x00000001008f3000 'jdk/internal/reflect/GeneratedConstructorAccessor65'
Event: 21515.144 Thread 0x0000016593791c30 Unloading class 0x0000000100889400 'jdk/internal/reflect/GeneratedConstructorAccessor64'
Event: 21515.144 Thread 0x0000016593791c30 Unloading class 0x0000000100889c00 'jdk/internal/reflect/GeneratedConstructorAccessor63'
Event: 21906.497 Thread 0x0000016593791c30 Unloading class 0x0000000100949400 'jdk/internal/reflect/GeneratedSerializationConstructorAccessor12'
Event: 21906.497 Thread 0x0000016593791c30 Unloading class 0x0000000100949000 'jdk/internal/reflect/GeneratedSerializationConstructorAccessor11'
Event: 21906.497 Thread 0x0000016593791c30 Unloading class 0x0000000100948c00 'jdk/internal/reflect/GeneratedSerializationConstructorAccessor10'

Classes redefined (0 events):
No events

Internal exceptions (20 events):
Event: 20967.516 Thread 0x0000016594b9eb00 Exception <a 'java/lang/ClassNotFoundException'{0x00000000eab4e7a8}: sun/net/www/protocol/jdt/Handler> (0x00000000eab4e7a8) 
thrown [s\src\hotspot\share\classfile\systemDictionary.cpp, line 256]
Event: 20967.516 Thread 0x0000016594b9eb00 Exception <a 'java/lang/ClassNotFoundException'{0x00000000eab512a0}: sun/net/www/protocol/jdt/Handler> (0x00000000eab512a0) 
thrown [s\src\hotspot\share\classfile\systemDictionary.cpp, line 256]
Event: 20967.516 Thread 0x0000016594b9eb00 Exception <a 'java/lang/ClassNotFoundException'{0x00000000eab53b40}: sun/net/www/protocol/jdt/Handler> (0x00000000eab53b40) 
thrown [s\src\hotspot\share\classfile\systemDictionary.cpp, line 256]
Event: 21476.469 Thread 0x0000016598c75e50 Exception <a 'java/lang/ClassNotFoundException'{0x00000000eaecf6d0}: sun/net/www/protocol/jdt/Handler> (0x00000000eaecf6d0) 
thrown [s\src\hotspot\share\classfile\systemDictionary.cpp, line 256]
Event: 21476.469 Thread 0x0000016598c75e50 Exception <a 'java/lang/ClassNotFoundException'{0x00000000eaed23f8}: sun/net/www/protocol/jdt/Handler> (0x00000000eaed23f8) 
thrown [s\src\hotspot\share\classfile\systemDictionary.cpp, line 256]
Event: 21476.469 Thread 0x0000016598c75e50 Exception <a 'java/lang/ClassNotFoundException'{0x00000000eaed73f0}: sun/net/www/protocol/jdt/Handler> (0x00000000eaed73f0) 
thrown [s\src\hotspot\share\classfile\systemDictionary.cpp, line 256]
Event: 21476.469 Thread 0x0000016598c75e50 Exception <a 'java/lang/ClassNotFoundException'{0x00000000eaedbba8}: sun/net/www/protocol/jdt/Handler> (0x00000000eaedbba8) 
thrown [s\src\hotspot\share\classfile\systemDictionary.cpp, line 256]
Event: 21476.469 Thread 0x0000016598c75e50 Exception <a 'java/lang/ClassNotFoundException'{0x00000000eaede3e0}: sun/net/www/protocol/jdt/Handler> (0x00000000eaede3e0) 
thrown [s\src\hotspot\share\classfile\systemDictionary.cpp, line 256]
Event: 21476.470 Thread 0x0000016598c75e50 Exception <a 'java/lang/ClassNotFoundException'{0x00000000eaee0c58}: sun/net/www/protocol/jdt/Handler> (0x00000000eaee0c58) 
thrown [s\src\hotspot\share\classfile\systemDictionary.cpp, line 256]
Event: 21476.470 Thread 0x0000016598c75e50 Exception <a 'java/lang/ClassNotFoundException'{0x00000000eaee34f8}: sun/net/www/protocol/jdt/Handler> (0x00000000eaee34f8) 
thrown [s\src\hotspot\share\classfile\systemDictionary.cpp, line 256]
Event: 21513.357 Thread 0x0000016598c74640 Exception <a 'java/lang/ClassNotFoundException'{0x00000000ead28a80}: sun/net/www/protocol/jdt/Handler> (0x00000000ead28a80) 
thrown [s\src\hotspot\share\classfile\systemDictionary.cpp, line 256]
Event: 21513.357 Thread 0x0000016598c74640 Exception <a 'java/lang/ClassNotFoundException'{0x00000000ead2b7a8}: sun/net/www/protocol/jdt/Handler> (0x00000000ead2b7a8) 
thrown [s\src\hotspot\share\classfile\systemDictionary.cpp, line 256]
Event: 21513.357 Thread 0x0000016598c74640 Exception <a 'java/lang/ClassNotFoundException'{0x00000000ead307a0}: sun/net/www/protocol/jdt/Handler> (0x00000000ead307a0) 
thrown [s\src\hotspot\share\classfile\systemDictionary.cpp, line 256]
Event: 21513.357 Thread 0x0000016598c74640 Exception <a 'java/lang/ClassNotFoundException'{0x00000000ead34f58}: sun/net/www/protocol/jdt/Handler> (0x00000000ead34f58) 
thrown [s\src\hotspot\share\classfile\systemDictionary.cpp, line 256]
Event: 21513.357 Thread 0x0000016598c74640 Exception <a 'java/lang/ClassNotFoundException'{0x00000000ead37790}: sun/net/www/protocol/jdt/Handler> (0x00000000ead37790) 
thrown [s\src\hotspot\share\classfile\systemDictionary.cpp, line 256]
Event: 21513.357 Thread 0x0000016598c74640 Exception <a 'java/lang/ClassNotFoundException'{0x00000000ead3a008}: sun/net/www/protocol/jdt/Handler> (0x00000000ead3a008) 
thrown [s\src\hotspot\share\classfile\systemDictionary.cpp, line 256]
Event: 21513.358 Thread 0x0000016598c74640 Exception <a 'java/lang/ClassNotFoundException'{0x00000000ead3c8a8}: sun/net/www/protocol/jdt/Handler> (0x00000000ead3c8a8) 
thrown [s\src\hotspot\share\classfile\systemDictionary.cpp, line 256]
Event: 21900.040 Thread 0x0000016598c74b10 Implicit null exception at 0x00000165888b2606 to 0x00000165888b278c
Event: 21900.060 Thread 0x0000016598c74b10 Exception <a 'java/lang/ClassCastException'{0x00000000ead43378}: class org.eclipse.jdt.internal.compiler.lookup.BinaryTypeBinding cannot be cast to class org.eclipse.jdt.internal.compiler.lookup.SourceTypeBinding (org.eclipse.jdt.internal.compiler.lookup.BinaryTypeBinding and org.eclipse.jdt.internal.compiler.lookup.SourceTypeBinding are in unnamed module of loader org.eclipse.osgi.internal.loader.EquinoxClassLoader @275ddda2)> (0x00000000ead43378) 
thrown [s\src\hotspot\share\interpreter\interpreterRuntim
Event: 21900.082 Thread 0x0000016598c74b10 Implicit null exception at 0x0000016588affa24 to 0x0000016588b027dc

VM Operations (20 events):
Event: 24413.619 Executing VM operation: ParallelGCFailedAllocation done
Event: 24413.622 Executing VM operation: ParallelGCFailedAllocation
Event: 24413.623 Executing VM operation: ParallelGCFailedAllocation done
Event: 24413.626 Executing VM operation: ParallelGCFailedAllocation
Event: 24413.627 Executing VM operation: ParallelGCFailedAllocation done
Event: 24413.630 Executing VM operation: ParallelGCFailedAllocation
Event: 24413.631 Executing VM operation: ParallelGCFailedAllocation done
Event: 24413.634 Executing VM operation: ParallelGCFailedAllocation
Event: 24413.635 Executing VM operation: ParallelGCFailedAllocation done
Event: 24413.847 Executing VM operation: ParallelGCFailedAllocation
Event: 24413.848 Executing VM operation: ParallelGCFailedAllocation done
Event: 24413.854 Executing VM operation: ParallelGCFailedAllocation
Event: 24413.855 Executing VM operation: ParallelGCFailedAllocation done
Event: 24413.865 Executing VM operation: ParallelGCFailedAllocation
Event: 24413.866 Executing VM operation: ParallelGCFailedAllocation done
Event: 24414.781 Executing VM operation: ParallelGCFailedAllocation
Event: 24414.782 Executing VM operation: ParallelGCFailedAllocation done
Event: 24414.786 Executing VM operation: ParallelGCFailedAllocation
Event: 24414.787 Executing VM operation: ParallelGCFailedAllocation done
Event: 24414.790 Executing VM operation: ParallelGCFailedAllocation

Events (20 events):
Event: 21973.532 Thread 0x00000165937d2160 flushing nmethod 0x00000165823cf510
Event: 21973.532 Thread 0x00000165937d2160 flushing nmethod 0x00000165823e7790
Event: 21976.070 Thread 0x0000016598c71150 Thread added: 0x0000016598c71150
Event: 21976.626 Thread 0x0000016598c76320 Thread added: 0x0000016598c76320
Event: 22036.627 Thread 0x0000016598c76320 Thread exited: 0x0000016598c76320
Event: 22066.415 Thread 0x0000016598c74170 Thread exited: 0x0000016598c74170
Event: 22077.908 Thread 0x0000016594b9f4a0 Thread exited: 0x0000016594b9f4a0
Event: 22137.908 Thread 0x0000016598c74640 Thread exited: 0x0000016598c74640
Event: 22197.908 Thread 0x0000016598c75e50 Thread exited: 0x0000016598c75e50
Event: 22257.908 Thread 0x0000016598c77b30 Thread exited: 0x0000016598c77b30
Event: 22317.909 Thread 0x0000016598c74b10 Thread exited: 0x0000016598c74b10
Event: 22377.909 Thread 0x0000016594ba1ff0 Thread exited: 0x0000016594ba1ff0
Event: 22437.910 Thread 0x0000016594ba24c0 Thread exited: 0x0000016594ba24c0
Event: 24217.268 Thread 0x0000016594b9dc90 Thread added: 0x0000016594b9dc90
Event: 24277.269 Thread 0x0000016594b9dc90 Thread exited: 0x0000016594b9dc90
Event: 24398.895 Thread 0x0000016594ba1ff0 Thread added: 0x0000016594ba1ff0
Event: 24411.855 Thread 0x0000016594ba07e0 Thread added: 0x0000016594ba07e0
Event: 24413.418 Thread 0x0000016594b9dc90 Thread added: 0x0000016594b9dc90
Event: 24413.845 Thread 0x0000016594b9e630 Thread added: 0x0000016594b9e630
Event: 24414.787 Thread 0x0000016594b9fe40 Thread added: 0x0000016594b9fe40


Dynamic libraries:
0x00007ff6351b0000 - 0x00007ff6351be000 	c:\Users\vitor\.vscode\extensions\redhat.java-1.18.0-win32-x64\jre\17.0.7-win32-x86_64\bin\java.exe
0x00007ffb43c70000 - 0x00007ffb43e68000 	C:\Windows\SYSTEM32\ntdll.dll
0x00007ffb422c0000 - 0x00007ffb4237f000 	C:\Windows\System32\KERNEL32.DLL
0x00007ffb416c0000 - 0x00007ffb4199a000 	C:\Windows\System32\KERNELBASE.dll
0x00007ffb41510000 - 0x00007ffb41610000 	C:\Windows\System32\ucrtbase.dll
0x00007ffb2e420000 - 0x00007ffb2e437000 	c:\Users\vitor\.vscode\extensions\redhat.java-1.18.0-win32-x64\jre\17.0.7-win32-x86_64\bin\jli.dll
0x00007ffb42920000 - 0x00007ffb42abd000 	C:\Windows\System32\USER32.dll
0x00007ffb41ca0000 - 0x00007ffb41cc2000 	C:\Windows\System32\win32u.dll
0x00007ffb42b30000 - 0x00007ffb42b5b000 	C:\Windows\System32\GDI32.dll
0x00007ffb413b0000 - 0x00007ffb414c0000 	C:\Windows\System32\gdi32full.dll
0x00007ffb41b90000 - 0x00007ffb41c2d000 	C:\Windows\System32\msvcp_win.dll
0x00007ffb2e4c0000 - 0x00007ffb2e4d9000 	c:\Users\vitor\.vscode\extensions\redhat.java-1.18.0-win32-x64\jre\17.0.7-win32-x86_64\bin\VCRUNTIME140.dll
0x00007ffb28a30000 - 0x00007ffb28cca000 	C:\Windows\WinSxS\amd64_microsoft.windows.common-controls_6595b64144ccf1df_6.0.19041.1110_none_60b5254171f9507e\COMCTL32.dll
0x00007ffb41ff0000 - 0x00007ffb4208e000 	C:\Windows\System32\msvcrt.dll
0x00007ffb43210000 - 0x00007ffb43240000 	C:\Windows\System32\IMM32.DLL
0x00007ffb40710000 - 0x00007ffb4071c000 	c:\Users\vitor\.vscode\extensions\redhat.java-1.18.0-win32-x64\jre\17.0.7-win32-x86_64\bin\vcruntime140_1.dll
0x00007ffb23f50000 - 0x00007ffb23fe1000 	c:\Users\vitor\.vscode\extensions\redhat.java-1.18.0-win32-x64\jre\17.0.7-win32-x86_64\bin\msvcp140.dll
0x00007ffaf0450000 - 0x00007ffaf1098000 	c:\Users\vitor\.vscode\extensions\redhat.java-1.18.0-win32-x64\jre\17.0.7-win32-x86_64\bin\server\jvm.dll
0x00007ffb42860000 - 0x00007ffb4290e000 	C:\Windows\System32\ADVAPI32.dll
0x00007ffb42090000 - 0x00007ffb4212c000 	C:\Windows\System32\sechost.dll
0x00007ffb41ec0000 - 0x00007ffb41fe6000 	C:\Windows\System32\RPCRT4.dll
0x00007ffb3c850000 - 0x00007ffb3c859000 	C:\Windows\SYSTEM32\WSOCK32.dll
0x00007ffb383c0000 - 0x00007ffb383e7000 	C:\Windows\SYSTEM32\WINMM.dll
0x00007ffb3b030000 - 0x00007ffb3b03a000 	C:\Windows\SYSTEM32\VERSION.dll
0x00007ffb42380000 - 0x00007ffb423eb000 	C:\Windows\System32\WS2_32.dll
0x00007ffb3ebf0000 - 0x00007ffb3ec02000 	C:\Windows\SYSTEM32\kernel.appcore.dll
0x00007ffb3c3d0000 - 0x00007ffb3c3da000 	c:\Users\vitor\.vscode\extensions\redhat.java-1.18.0-win32-x64\jre\17.0.7-win32-x86_64\bin\jimage.dll
0x00007ffb40ca0000 - 0x00007ffb40e84000 	C:\Windows\SYSTEM32\DBGHELP.DLL
0x00007ffb40c60000 - 0x00007ffb40c94000 	C:\Windows\SYSTEM32\dbgcore.DLL
0x00007ffb41b00000 - 0x00007ffb41b82000 	C:\Windows\System32\bcryptPrimitives.dll
0x00007ffb2e4b0000 - 0x00007ffb2e4be000 	c:\Users\vitor\.vscode\extensions\redhat.java-1.18.0-win32-x64\jre\17.0.7-win32-x86_64\bin\instrument.dll
0x00007ffb2db30000 - 0x00007ffb2db55000 	c:\Users\vitor\.vscode\extensions\redhat.java-1.18.0-win32-x64\jre\17.0.7-win32-x86_64\bin\java.dll
0x00007ffb2db10000 - 0x00007ffb2db28000 	c:\Users\vitor\.vscode\extensions\redhat.java-1.18.0-win32-x64\jre\17.0.7-win32-x86_64\bin\zip.dll
0x00007ffb43240000 - 0x00007ffb43984000 	C:\Windows\System32\SHELL32.dll
0x00007ffb3edf0000 - 0x00007ffb3f583000 	C:\Windows\SYSTEM32\windows.storage.dll
0x00007ffb42d40000 - 0x00007ffb43094000 	C:\Windows\System32\combase.dll
0x00007ffb40670000 - 0x00007ffb4069e000 	C:\Windows\SYSTEM32\Wldp.dll
0x00007ffb41df0000 - 0x00007ffb41e9d000 	C:\Windows\System32\SHCORE.dll
0x00007ffb43120000 - 0x00007ffb43175000 	C:\Windows\System32\shlwapi.dll
0x00007ffb412c0000 - 0x00007ffb412df000 	C:\Windows\SYSTEM32\profapi.dll
0x00007ffb2d8a0000 - 0x00007ffb2d8b9000 	C:\Users\vitor\.vscode\extensions\redhat.java-1.18.0-win32-x64\jre\17.0.7-win32-x86_64\bin\net.dll
0x00007ffb39730000 - 0x00007ffb3983a000 	C:\Windows\SYSTEM32\WINHTTP.dll
0x00007ffb40540000 - 0x00007ffb405aa000 	C:\Windows\system32\mswsock.dll
0x00007ffb257c0000 - 0x00007ffb257d5000 	C:\Users\vitor\.vscode\extensions\redhat.java-1.18.0-win32-x64\jre\17.0.7-win32-x86_64\bin\nio.dll
0x00007ffb2e3d0000 - 0x00007ffb2e3e0000 	c:\Users\vitor\.vscode\extensions\redhat.java-1.18.0-win32-x64\jre\17.0.7-win32-x86_64\bin\verify.dll
0x00007ffb24ef0000 - 0x00007ffb24f2e000 	C:\Users\vitor\AppData\Roaming\Code\User\globalStorage\redhat.java\1.18.0\config_win\org.eclipse.equinox.launcher\org.eclipse.equinox.launcher.win32.win32.x86_64_1.2.700.v20221108-1024\eclipse_11801.dll
0x00007ffb42130000 - 0x00007ffb4225a000 	C:\Windows\System32\ole32.dll
0x00007ffb41030000 - 0x00007ffb41048000 	C:\Windows\SYSTEM32\CRYPTSP.dll
0x00007ffb3fd50000 - 0x00007ffb3fd84000 	C:\Windows\system32\rsaenh.dll
0x00007ffb41380000 - 0x00007ffb413a7000 	C:\Windows\System32\bcrypt.dll
0x00007ffb41280000 - 0x00007ffb412ae000 	C:\Windows\SYSTEM32\USERENV.dll
0x00007ffb40630000 - 0x00007ffb4063c000 	C:\Windows\SYSTEM32\CRYPTBASE.dll
0x00007ffb400c0000 - 0x00007ffb400fc000 	C:\Windows\SYSTEM32\IPHLPAPI.DLL
0x00007ffb43a70000 - 0x00007ffb43a78000 	C:\Windows\System32\NSI.dll
0x00007ffb3a310000 - 0x00007ffb3a327000 	C:\Windows\SYSTEM32\dhcpcsvc6.DLL
0x00007ffb3a580000 - 0x00007ffb3a59d000 	C:\Windows\SYSTEM32\dhcpcsvc.DLL
0x00007ffb40100000 - 0x00007ffb401cb000 	C:\Windows\SYSTEM32\DNSAPI.dll
0x00007ffaf5b20000 - 0x00007ffaf5b65000 	C:\Users\vitor\AppData\Local\Temp\jna-112218564\jna8727786716622293562.dll
0x00007ffb42b20000 - 0x00007ffb42b28000 	C:\Windows\System32\PSAPI.DLL
0x00007ffb3c900000 - 0x00007ffb3c90e000 	C:\Users\vitor\.vscode\extensions\redhat.java-1.18.0-win32-x64\jre\17.0.7-win32-x86_64\bin\sunmscapi.dll
0x00007ffb419a0000 - 0x00007ffb41af6000 	C:\Windows\System32\CRYPT32.dll
0x00007ffb406e0000 - 0x00007ffb40708000 	C:\Windows\SYSTEM32\ncrypt.dll
0x00007ffb406a0000 - 0x00007ffb406db000 	C:\Windows\SYSTEM32\NTASN1.dll
0x00007ffb362d0000 - 0x00007ffb362da000 	C:\Windows\System32\rasadhlp.dll
0x00007ffb36960000 - 0x00007ffb369e0000 	C:\Windows\System32\fwpuclnt.dll

dbghelp: loaded successfully - version: 4.0.5 - missing functions: none
symbol engine: initialized successfully - sym options: 0x614 - pdb path: .;c:\Users\vitor\.vscode\extensions\redhat.java-1.18.0-win32-x64\jre\17.0.7-win32-x86_64\bin;C:\Windows\SYSTEM32;C:\Windows\WinSxS\amd64_microsoft.windows.common-controls_6595b64144ccf1df_6.0.19041.1110_none_60b5254171f9507e;c:\Users\vitor\.vscode\extensions\redhat.java-1.18.0-win32-x64\jre\17.0.7-win32-x86_64\bin\server;C:\Users\vitor\AppData\Roaming\Code\User\globalStorage\redhat.java\1.18.0\config_win\org.eclipse.equinox.launcher\org.eclipse.equinox.launcher.win32.win32.x86_64_1.2.700.v20221108-1024;C:\Users\vitor\AppData\Local\Temp\jna-112218564

VM Arguments:
jvm_args: --add-modules=ALL-SYSTEM --add-opens=java.base/java.util=ALL-UNNAMED --add-opens=java.base/java.lang=ALL-UNNAMED --add-opens=java.base/sun.nio.fs=ALL-UNNAMED -Declipse.application=org.eclipse.jdt.ls.core.id1 -Dosgi.bundles.defaultStartLevel=4 -Declipse.product=org.eclipse.jdt.ls.core.product -Djava.import.generatesMetadataFilesAtProjectRoot=false -Dfile.encoding=utf8 -XX:+UseParallelGC -XX:GCTimeRatio=4 -XX:AdaptiveSizePolicyWeight=90 -Dsun.zip.disableMemoryMapping=true -Xmx1G -Xms100m -Xlog:disable -javaagent:c:\Users\vitor\.vscode\extensions\redhat.java-1.18.0-win32-x64\lombok\lombok-1.18.27.jar -XX:+HeapDumpOnOutOfMemoryError -XX:HeapDumpPath=c:\Users\vitor\AppData\Roaming\Code\User\workspaceStorage\98b1a4e7b41f044fc696728ba5fc0588\redhat.java -Daether.dependencyCollector.impl=bf 
java_command: c:\Users\vitor\.vscode\extensions\redhat.java-1.18.0-win32-x64\server\plugins\org.eclipse.equinox.launcher_1.6.400.v20210924-0641.jar -configuration c:\Users\vitor\AppData\Roaming\Code\User\globalStorage\redhat.java\1.18.0\config_win -data c:\Users\vitor\AppData\Roaming\Code\User\workspaceStorage\98b1a4e7b41f044fc696728ba5fc0588\redhat.java\jdt_ws
java_class_path (initial): c:\Users\vitor\.vscode\extensions\redhat.java-1.18.0-win32-x64\server\plugins\org.eclipse.equinox.launcher_1.6.400.v20210924-0641.jar
Launcher Type: SUN_STANDARD

[Global flags]
    uintx AdaptiveSizePolicyWeight                 = 90                                        {product} {command line}
     intx CICompilerCount                          = 4                                         {product} {ergonomic}
    uintx GCTimeRatio                              = 4                                         {product} {command line}
     bool HeapDumpOnOutOfMemoryError               = true                                   {manageable} {command line}
    ccstr HeapDumpPath                             = c:\Users\vitor\AppData\Roaming\Code\User\workspaceStorage\98b1a4e7b41f044fc696728ba5fc0588\redhat.java         {manageable} {command line}
   size_t InitialHeapSize                          = 104857600                                 {product} {command line}
   size_t MaxHeapSize                              = 1073741824                                {product} {command line}
   size_t MaxNewSize                               = 357564416                                 {product} {ergonomic}
   size_t MinHeapDeltaBytes                        = 524288                                    {product} {ergonomic}
   size_t MinHeapSize                              = 104857600                                 {product} {command line}
   size_t NewSize                                  = 34603008                                  {product} {ergonomic}
    uintx NonNMethodCodeHeapSize                   = 5839372                                {pd product} {ergonomic}
    uintx NonProfiledCodeHeapSize                  = 122909434                              {pd product} {ergonomic}
   size_t OldSize                                  = 70254592                                  {product} {ergonomic}
    uintx ProfiledCodeHeapSize                     = 122909434                              {pd product} {ergonomic}
    uintx ReservedCodeCacheSize                    = 251658240                              {pd product} {ergonomic}
     bool SegmentedCodeCache                       = true                                      {product} {ergonomic}
   size_t SoftMaxHeapSize                          = 1073741824                             {manageable} {ergonomic}
     bool UseCompressedClassPointers               = true                           {product lp64_product} {ergonomic}
     bool UseCompressedOops                        = true                           {product lp64_product} {ergonomic}
     bool UseLargePagesIndividualAllocation        = false                                  {pd product} {ergonomic}
     bool UseParallelGC                            = true                                      {product} {command line}

Logging:
Log output configuration:
 #0: stdout all=off uptime,level,tags
 #1: stderr all=off uptime,level,tags

Environment Variables:
PATH=C:\Program Files\Common Files\Oracle\Java\javapath;C:\Windows\system32;C:\Windows;C:\Windows\System32\Wbem;C:\Windows\System32\WindowsPowerShell\v1.0\;C:\Windows\System32\OpenSSH\;C:\Program Files (x86)\nodejs\;C:\Program Files\Git\cmd;C:\Program Files\MySQL\MySQL Shell 8.0\bin\;C:\Users\vitor\AppData\Local\Microsoft\WindowsApps;C:\Users\vitor\AppData\Local\Programs\Microsoft VS Code\bin;C:\Program Files\JetBrains\IntelliJ IDEA Community Edition 2022.3.2\bin;;C:\Users\vitor\AppData\Roaming\npm;C:\Users\vitor\AppData\Local\GitHubDesktop\bin
USERNAME=vitor
OS=Windows_NT
PROCESSOR_IDENTIFIER=AMD64 Family 23 Model 17 Stepping 0, AuthenticAMD
TMP=C:\Users\vitor\AppData\Local\Temp
TEMP=C:\Users\vitor\AppData\Local\Temp



---------------  S Y S T E M  ---------------

OS:
 Windows 10 , 64 bit Build 19041 (10.0.19041.2788)
OS uptime: 0 days 7:00 hours

CPU: total 8 (initial active 8) (8 cores per cpu, 2 threads per core) family 23 model 17 stepping 0 microcode 0x0, cx8, cmov, fxsr, ht, mmx, 3dnowpref, sse, sse2, sse3, ssse3, sse4a, sse4.1, sse4.2, popcnt, lzcnt, tsc, tscinvbit, avx, avx2, aes, clmul, bmi1, bmi2, adx, sha, fma, vzeroupper, clflush, clflushopt

Memory: 4k page, system-wide physical 14284M (7198M free)
TotalPageFile size 28620M (AvailPageFile size 18190M)
current process WorkingSet (physical memory assigned to process): 429M, peak: 473M
current process commit charge ("private bytes"): 458M, peak: 522M

vm_info: OpenJDK 64-Bit Server VM (17.0.7+7) for windows-amd64 JRE (17.0.7+7), built on Apr 18 2023 22:10:42 by "temurin" with MS VC++ 16.7 (VS2019)

END.
